{"name":"Observa API","url":"https://www.observanow.com/api2/","status":"down","datetime":"9/8/2025, 12:07:08 PM"}
{"name":"Observa Internal Company","url":"https://www.observanow.com/internal/company/","status":"down","datetime":"9/8/2025, 12:07:08 PM"}
{"name":"Observa API","url":"https://www.observanow.com/api2/","status":"down","datetime":"9/8/2025, 12:08:39 PM"}
{"name":"Observa Internal Company","url":"https://www.observanow.com/internal/company/","status":"down","datetime":"9/8/2025, 12:08:39 PM"}
{"name":"Observa API","url":"https://www.observanow.com/api2/","status":"down","datetime":"9/8/2025, 12:09:29 PM"}
{"name":"Observa Internal Company","url":"https://www.observanow.com/internal/company/","status":"down","datetime":"9/8/2025, 12:09:29 PM"}
{"name":"Observa API","url":"https://www.observanow.com/api2/","status":"down","datetime":"9/8/2025, 12:14:29 PM"}
{"name":"Observa Internal Company","url":"https://www.observanow.com/internal/company/","status":"down","datetime":"9/8/2025, 12:14:29 PM"}
{"name":"Observa API","url":"https://www.observanow.com/api2/","status":"down","datetime":"9/8/2025, 12:19:28 PM"}
{"name":"Observa Internal Company","url":"https://www.observanow.com/internal/company/","status":"down","datetime":"9/8/2025, 12:19:28 PM"}
{"name":"Google","url":"https://www.google.com","status":"down","datetime":"9/12/2025, 4:24:48 PM"}
{"name":"GitHub","url":"https://github.com","status":"down","datetime":"9/12/2025, 4:24:48 PM"}
{"name":"Google","url":"https://www.google.com","status":"down","datetime":"9/12/2025, 4:24:48 PM"}
{"name":"Observa","url":"https://observanow.com","status":"down","datetime":"9/12/2025, 4:24:48 PM"}
{"name":"API Server","url":"http://20.29.187.121","status":"down","datetime":"9/12/2025, 4:24:48 PM"}
{"name":"GitHub","url":"https://github.com","status":"down","datetime":"9/12/2025, 4:24:48 PM"}
{"name":"Observa API","url":"https://www.observanow.com/api2/","status":"down","datetime":"9/12/2025, 4:24:48 PM"}
{"name":"Observa","url":"https://observanow.com","status":"down","datetime":"9/12/2025, 4:24:48 PM"}
{"name":"API Server","url":"http://20.29.187.121","status":"down","datetime":"9/12/2025, 4:24:48 PM"}
{"name":"Observa Internal Company","url":"https://www.observanow.com/internal/company/","status":"down","datetime":"9/12/2025, 4:24:48 PM"}
{"name":"Observa API","url":"https://www.observanow.com/api2/","status":"down","datetime":"9/12/2025, 4:24:48 PM"}
{"name":"Observa Internal Company","url":"https://www.observanow.com/internal/company/","status":"down","datetime":"9/12/2025, 4:24:48 PM"}
