{"name":"Google","url":"https://www.google.com","status":"up","datetime":"9/8/2025, 12:07:07 PM"}
{"name":"GitHub","url":"https://github.com","status":"up","datetime":"9/8/2025, 12:07:08 PM"}
{"name":"Observa","url":"https://observanow.com","status":"up","datetime":"9/8/2025, 12:07:08 PM"}
{"name":"API Server","url":"http://20.29.187.121","status":"up","datetime":"9/8/2025, 12:07:08 PM"}
{"name":"Google","url":"https://www.google.com","status":"up","datetime":"9/8/2025, 12:08:39 PM"}
{"name":"GitHub","url":"https://github.com","status":"up","datetime":"9/8/2025, 12:08:39 PM"}
{"name":"Observa","url":"https://observanow.com","status":"up","datetime":"9/8/2025, 12:08:39 PM"}
{"name":"API Server","url":"http://20.29.187.121","status":"up","datetime":"9/8/2025, 12:08:39 PM"}
{"name":"Google","url":"https://www.google.com","status":"up","datetime":"9/8/2025, 12:09:28 PM"}
{"name":"GitHub","url":"https://github.com","status":"up","datetime":"9/8/2025, 12:09:28 PM"}
{"name":"Observa","url":"https://observanow.com","status":"up","datetime":"9/8/2025, 12:09:28 PM"}
{"name":"API Server","url":"http://20.29.187.121","status":"up","datetime":"9/8/2025, 12:09:28 PM"}
{"name":"Google","url":"https://www.google.com","status":"up","datetime":"9/8/2025, 12:14:28 PM"}
{"name":"GitHub","url":"https://github.com","status":"up","datetime":"9/8/2025, 12:14:28 PM"}
{"name":"Observa","url":"https://observanow.com","status":"up","datetime":"9/8/2025, 12:14:28 PM"}
{"name":"API Server","url":"http://20.29.187.121","status":"up","datetime":"9/8/2025, 12:14:28 PM"}
{"name":"Google","url":"https://www.google.com","status":"up","datetime":"9/8/2025, 12:19:28 PM"}
{"name":"GitHub","url":"https://github.com","status":"up","datetime":"9/8/2025, 12:19:28 PM"}
{"name":"Observa","url":"https://observanow.com","status":"up","datetime":"9/8/2025, 12:19:28 PM"}
{"name":"API Server","url":"http://20.29.187.121","status":"up","datetime":"9/8/2025, 12:19:28 PM"}
{"name":"Google","url":"https://www.google.com","status":"up","datetime":"9/8/2025, 1:18:10 PM"}
{"name":"GitHub","url":"https://github.com","status":"up","datetime":"9/8/2025, 1:18:10 PM"}
{"name":"Observa","url":"https://observanow.com","status":"up","datetime":"9/8/2025, 1:18:10 PM"}
{"name":"API Server","url":"http://20.29.187.121","status":"up","datetime":"9/8/2025, 1:18:10 PM"}
{"name":"Observa API","url":"https://www.observanow.com/api2/","status":"up","datetime":"9/8/2025, 1:18:10 PM"}
{"name":"Observa Internal Company","url":"https://www.observanow.com/internal/company/","status":"up","datetime":"9/8/2025, 1:18:10 PM"}
{"name":"Google","url":"https://www.google.com","status":"up","datetime":"9/8/2025, 1:23:10 PM"}
{"name":"GitHub","url":"https://github.com","status":"up","datetime":"9/8/2025, 1:23:10 PM"}
{"name":"Observa","url":"https://observanow.com","status":"up","datetime":"9/8/2025, 1:23:10 PM"}
{"name":"API Server","url":"http://20.29.187.121","status":"up","datetime":"9/8/2025, 1:23:10 PM"}
{"name":"Observa API","url":"https://www.observanow.com/api2/","status":"up","datetime":"9/8/2025, 1:23:10 PM"}
{"name":"Observa Internal Company","url":"https://www.observanow.com/internal/company/","status":"up","datetime":"9/8/2025, 1:23:10 PM"}
{"name":"Google","url":"https://www.google.com","status":"up","datetime":"9/8/2025, 1:28:10 PM"}
{"name":"GitHub","url":"https://github.com","status":"up","datetime":"9/8/2025, 1:28:10 PM"}
{"name":"Observa","url":"https://observanow.com","status":"up","datetime":"9/8/2025, 1:28:10 PM"}
{"name":"API Server","url":"http://20.29.187.121","status":"up","datetime":"9/8/2025, 1:28:10 PM"}
{"name":"Observa API","url":"https://www.observanow.com/api2/","status":"up","datetime":"9/8/2025, 1:28:10 PM"}
{"name":"Observa Internal Company","url":"https://www.observanow.com/internal/company/","status":"up","datetime":"9/8/2025, 1:28:10 PM"}
{"name":"Google","url":"https://www.google.com","status":"up","datetime":"9/8/2025, 1:33:10 PM"}
{"name":"GitHub","url":"https://github.com","status":"up","datetime":"9/8/2025, 1:33:10 PM"}
{"name":"Observa","url":"https://observanow.com","status":"up","datetime":"9/8/2025, 1:33:10 PM"}
{"name":"API Server","url":"http://20.29.187.121","status":"up","datetime":"9/8/2025, 1:33:10 PM"}
{"name":"Observa API","url":"https://www.observanow.com/api2/","status":"up","datetime":"9/8/2025, 1:33:10 PM"}
{"name":"Observa Internal Company","url":"https://www.observanow.com/internal/company/","status":"up","datetime":"9/8/2025, 1:33:10 PM"}
{"name":"Google","url":"https://www.google.com","status":"up","datetime":"9/8/2025, 1:40:23 PM"}
{"name":"GitHub","url":"https://github.com","status":"up","datetime":"9/8/2025, 1:40:23 PM"}
{"name":"Observa","url":"https://observanow.com","status":"up","datetime":"9/8/2025, 1:40:23 PM"}
{"name":"API Server","url":"http://20.29.187.121","status":"up","datetime":"9/8/2025, 1:40:23 PM"}
{"name":"Observa API","url":"https://www.observanow.com/api2/","status":"up","datetime":"9/8/2025, 1:40:23 PM"}
{"name":"Observa Internal Company","url":"https://www.observanow.com/internal/company/","status":"up","datetime":"9/8/2025, 1:40:23 PM"}
{"name":"Google","url":"https://www.google.com","status":"up","datetime":"9/8/2025, 1:45:23 PM"}
{"name":"GitHub","url":"https://github.com","status":"up","datetime":"9/8/2025, 1:45:23 PM"}
{"name":"Observa","url":"https://observanow.com","status":"up","datetime":"9/8/2025, 1:45:23 PM"}
{"name":"API Server","url":"http://20.29.187.121","status":"up","datetime":"9/8/2025, 1:45:23 PM"}
{"name":"Observa API","url":"https://www.observanow.com/api2/","status":"up","datetime":"9/8/2025, 1:45:23 PM"}
{"name":"Observa Internal Company","url":"https://www.observanow.com/internal/company/","status":"up","datetime":"9/8/2025, 1:45:23 PM"}
